<?xml version="1.0" encoding="UTF-8"?>
<robot generator="Robot 3.2.2 (Python 3.9.1 on darwin)" generated="20210224 22:29:08.621" rpa="false">
<suite id="s1" name="Test" source="/Users/cecillian/Documents/robotF/test/test.robot">
<test id="s1-t1" name="Open Website google.com">
<kw name="Open Browser" library="Selenium2Library">
<doc>Opens a new browser instance to the optional ``url``.</doc>
<arguments>
<arg>${URL}</arg>
<arg>${Browser}</arg>
</arguments>
<msg timestamp="20210224 22:29:08.810" level="INFO">Opening browser 'chrome' to base url 'https://google.co.th'.</msg>
<status status="PASS" starttime="20210224 22:29:08.809" endtime="20210224 22:29:14.148"></status>
</kw>
<status status="PASS" starttime="20210224 22:29:08.809" endtime="20210224 22:29:14.149" critical="yes"></status>
</test>
<test id="s1-t2" name="Search robotframework at google chrome">
<kw name="Input Text" library="Selenium2Library">
<doc>Types the given ``text`` into the text field identified by ``locator``.</doc>
<arguments>
<arg>name=q</arg>
<arg>${Search}</arg>
</arguments>
<msg timestamp="20210224 22:29:14.151" level="INFO">Typing text 'Robot Framework' into text field 'name=q'.</msg>
<status status="PASS" starttime="20210224 22:29:14.151" endtime="20210224 22:29:14.391"></status>
</kw>
<status status="PASS" starttime="20210224 22:29:14.150" endtime="20210224 22:29:14.391" critical="yes"></status>
</test>
<status status="PASS" starttime="20210224 22:29:08.624" endtime="20210224 22:29:14.393"></status>
</suite>
<statistics>
<total>
<stat pass="2" fail="0">Critical Tests</stat>
<stat pass="2" fail="0">All Tests</stat>
</total>
<tag>
</tag>
<suite>
<stat pass="2" fail="0" id="s1" name="Test">Test</stat>
</suite>
</statistics>
<errors>
</errors>
</robot>
