<?xml version="1.0" encoding="UTF-8"?>
<robot generator="Robot 3.2.2 (Python 3.9.5 on darwin)" generated="20210511 13:26:04.441" rpa="false">
<suite id="s1" name="Mari-Event" source="/Users/cecillian/Documents/robotF/test/mari-event.robot">
<test id="s1-t1" name="Using Mari to tol">
<kw name="Open Browser" library="Selenium2Library">
<doc>Opens a new browser instance to the optional ``url``.</doc>
<arguments>
<arg>${URL}</arg>
<arg>${Browser}</arg>
</arguments>
<msg timestamp="20210511 13:26:04.982" level="INFO">Opening browser 'chrome' to base url 'https://chat-mariai-uat.truecorp.co.th/?type=2&amp;platform=mari_tvs&amp;channel=web&amp;lang=th&amp;id=k%2Bf9Ompfe9SlNcHB5gq6tYuvCe1rWU0tBEU8VDl1bgwmUVhJWXFkOD5XVY8SmUl19HCoC%2BnXhCatfAQljoHBNIBZP3MncLkeZJeCMBTFvzAOYpJduz%2Bx1ATPoSAokySAVUmf3hfihMFaaa6H%2FpPiW8kBz9tSN0g1SO8FuSBbP0Mf%2Bar6%2F%2FjSLqrW7E54iK40kmijQ5MBCHTk%2FkCB8ljooPJdFmBiKKNq1TP%2F77IeCIqXh0G1qmO9xQZY2yMEnKV7D9WGlLugJWC1uS9YxrWfRT5PVrGgEWv9WTknZhkwtwnd1ICDEmaCHxFV%2B4wulyV2DVJJNHclGNwrW1ERNPyxZw%3D%3D'.</msg>
<status status="PASS" starttime="20210511 13:26:04.981" endtime="20210511 13:26:10.553"></status>
</kw>
<kw name="Set Selenium Speed" library="Selenium2Library">
<doc>Sets the delay that is waited after each Selenium command.</doc>
<arguments>
<arg>${wait}</arg>
</arguments>
<status status="PASS" starttime="20210511 13:26:10.554" endtime="20210511 13:26:10.556"></status>
</kw>
<status status="PASS" starttime="20210511 13:26:04.980" endtime="20210511 13:26:10.556" critical="yes"></status>
</test>
<test id="s1-t2" name="Click newuser">
<kw name="Set Selenium Speed" library="Selenium2Library">
<doc>Sets the delay that is waited after each Selenium command.</doc>
<arguments>
<arg>${wait}</arg>
</arguments>
<status status="PASS" starttime="20210511 13:26:10.563" endtime="20210511 13:26:10.565"></status>
</kw>
<kw name="Click NewUser">
<arguments>
<arg>${newuser}</arg>
</arguments>
<msg timestamp="20210511 13:26:10.577" level="FAIL">No keyword with name 'Click NewUser' found.</msg>
<status status="FAIL" starttime="20210511 13:26:10.577" endtime="20210511 13:26:10.577"></status>
</kw>
<status status="FAIL" starttime="20210511 13:26:10.561" endtime="20210511 13:26:10.578" critical="yes">No keyword with name 'Click NewUser' found.</status>
</test>
<status status="FAIL" starttime="20210511 13:26:04.447" endtime="20210511 13:26:10.581"></status>
</suite>
<statistics>
<total>
<stat pass="1" fail="1">Critical Tests</stat>
<stat pass="1" fail="1">All Tests</stat>
</total>
<tag>
</tag>
<suite>
<stat pass="1" fail="1" id="s1" name="Mari-Event">Mari-Event</stat>
</suite>
</statistics>
<errors>
</errors>
</robot>
